(---------------------------------------------------------------------)
(                                                                     )
(    NC DRILL Log                                                     )
(                                                                     )
(    Drawing          : #Taaaafp04512.tmp                             )
(    Software Version : 16.6P004                                      )
(    Date/Time        : Tue May 19 13:07:42 2015                      )
(                                                                     )
(---------------------------------------------------------------------)



 Processing NC Parameters file 'nc_param.txt' ...

 NC PARAMETERS
 -------------

 FORMAT   		2.5
 MACHINE-OFFSET		x:0.000000	y:0.000000
 FEEDRATE		1
 COORDINATES		ABSOLUTE
 OUTPUT-UNITS		ENGLISH
 TOOL-ORDER		INCREASING
 REPEAT-CODES		YES
 SUPPRESS-LEAD-ZEROES	NO
 SUPPRESS-TRAIL-ZEROES	YES
 SUPPRESS-EQUAL		YES
 TOOL-SELECT		YES
 HEADER			none
 LEADER			12
 CODE			ASCII
 SEPARATE		NO
 SEPARATE-ROUTING	NO
 OPTIMIZE_DRILLING	NO
 ENHANCED_EXCELLON	YES
 SCALE			1.000000

 WARNING(SPMHMF-368): Cannot find NC Drill tool file 'nc_tools.txt'
 WARNING(SPMHMF-369): ... will auto-generate tool file 'nc_tools_auto.txt'.


     Auto-generating tool file 'nc_tools_auto.txt' ...

           Size  Plating  Tool        + Tolerance  - Tolerance

            7.9  P        T01            3.000000     3.000000
           11.8  P        T02            3.000000     3.000000
           25.6  P        T03            3.000000     3.000000


 Drill files being output to directory 'E:/sreeni/SHANKER/wirelesspowerusense_board_18may15_1700/WIRELESS_BOARD_18may15_1100/WIRELESS_BOARD_18may15_1100' ...



     'WIRELESS_BOARD_19may15_1310-1-2.drl' created for holes connecting TOP and BOTTOM
     ---------------------------------------------------------------------------------

     Tool  Num     Size      +/- Tolerance     Plating   Quantity

     T01    1.   7.9000    3.0000/  3.0000      PLATED        133
     T02    2.  11.8000    3.0000/  3.0000      PLATED         16
     T03    3.  25.6000    3.0000/  3.0000      PLATED         12

     ---- Total holes:                                        161

     ---- Total head travel:              2.25 feet (0.69 meters)

