(---------------------------------------------------------------------)
(                                                                     )
(    NC DRILL Log                                                     )
(                                                                     )
(    Drawing          : #Taaaakl05688.tmp                             )
(    Software Version : 16.6P004                                      )
(    Date/Time        : Mon Aug 03 19:43:43 2015                      )
(                                                                     )
(---------------------------------------------------------------------)



 Processing NC Parameters file 'nc_param.txt' ...

 NC PARAMETERS
 -------------

 FORMAT   		2.5
 MACHINE-OFFSET		x:0.000000	y:0.000000
 FEEDRATE		1
 COORDINATES		ABSOLUTE
 OUTPUT-UNITS		ENGLISH
 TOOL-ORDER		INCREASING
 REPEAT-CODES		YES
 SUPPRESS-LEAD-ZEROES	NO
 SUPPRESS-TRAIL-ZEROES	YES
 SUPPRESS-EQUAL		YES
 TOOL-SELECT		YES
 HEADER			none
 LEADER			12
 CODE			ASCII
 SEPARATE		YES
 SEPARATE-ROUTING	NO
 OPTIMIZE_DRILLING	NO
 ENHANCED_EXCELLON	YES
 SCALE			1.000000

 WARNING(SPMHMF-360): Design precision is greater than that of the drill output file data.
 WARNING(SPMHMF-361): Data rounding errors are very possible.
 WARNING(SPMHMF-368): Cannot find NC Drill tool file 'nc_tools.txt'
 WARNING(SPMHMF-369): ... will auto-generate tool file 'nc_tools_auto.txt'.


     Auto-generating tool file 'nc_tools_auto.txt' ...

           Size  Plating  Tool        + Tolerance  - Tolerance

         10.000  P        T01            3.000000     3.000000
         11.799  P        T02            3.000000     3.000000


 Drill files being output to directory 'D:/DESIGN/SANKAR/Power_Board/powertouchcurrentsenseboard_23jul15_1845/Touch_Board_23JUL15_1845/Touch_Board_23JUL15_1845/TOUSH/TOUCH_BOARD_03AUG15_1545' ...



     'Touch_Board_03AUG15_1930-1-2.drl' created for holes connecting TOP and BOTTOM ; Plating = PLATED
     -------------------------------------------------------------------------------------------------

     Tool  Num     Size      +/- Tolerance     Plating   Quantity

     T01    1.  10.0000    3.0000/  3.0000      PLATED         78
     T02    2.  11.7990    3.0000/  3.0000      PLATED         16

     ---- Total holes:                                         94

     ---- Total head travel:              2.44 feet (0.74 meters)

