(---------------------------------------------------------------------)
(                                                                     )
(    NC DRILL Log                                                     )
(                                                                     )
(    Drawing          : #Taaaaej02252.tmp                             )
(    Software Version : 16.6P004                                      )
(    Date/Time        : Mon Aug 03 19:39:11 2015                      )
(                                                                     )
(---------------------------------------------------------------------)



 Processing NC Parameters file 'nc_param.txt' ...

 NC PARAMETERS
 -------------

 FORMAT   		2.5
 MACHINE-OFFSET		x:0.000000	y:0.000000
 FEEDRATE		1
 COORDINATES		ABSOLUTE
 OUTPUT-UNITS		ENGLISH
 TOOL-ORDER		INCREASING
 REPEAT-CODES		YES
 SUPPRESS-LEAD-ZEROES	NO
 SUPPRESS-TRAIL-ZEROES	YES
 SUPPRESS-EQUAL		YES
 TOOL-SELECT		YES
 HEADER			none
 LEADER			12
 CODE			ASCII
 SEPARATE		YES
 SEPARATE-ROUTING	NO
 OPTIMIZE_DRILLING	NO
 ENHANCED_EXCELLON	YES
 SCALE			1.000000

 WARNING(SPMHMF-358): Design precision is the same as that of the drill output file data.
 WARNING(SPMHMF-359): Data rounding errors may still be possible.
 WARNING(SPMHMF-368): Cannot find NC Drill tool file 'nc_tools.txt'
 WARNING(SPMHMF-369): ... will auto-generate tool file 'nc_tools_auto.txt'.


     Auto-generating tool file 'nc_tools_auto.txt' ...

           Size  Plating  Tool        + Tolerance  - Tolerance

          10.00  P        T01            3.000000     3.000000
          40.00  P        T02            0.000000     0.000000


 Drill files being output to directory 'D:/DESIGN/SANKAR/POWER_BOARD_27JULY15_1500/CURRENT_SENSE_BOARD_31JUL15_1430/CURRENT' ...



     'CURRENT_SENSE_BOARD_03AUG15_1930-1-2.drl' created for holes connecting TOP and BOTTOM ; Plating = PLATED
     ---------------------------------------------------------------------------------------------------------

     Tool  Num     Size      +/- Tolerance     Plating   Quantity

     T01    1.  10.0000    3.0000/  3.0000      PLATED         25
     T02    2.  40.0000    0.0000/  0.0000      PLATED         10

     ---- Total holes:                                         35

     ---- Total head travel:              0.50 feet (0.15 meters)

